<?xml version="1.0" encoding="UTF-8"?>
<testsuite xmlns:xsi="http://www.w3.org/2001/XMLSchema-instance" xsi:noNamespaceSchemaLocation="https://maven.apache.org/surefire/maven-surefire-plugin/xsd/surefire-test-report-3.0.xsd" version="3.0" name="com.example.CartTest" time="0.038" tests="1" errors="0" skipped="0" failures="0">
  <properties>
[...]
</properties>
  <testcase name="testCartFunctionality" classname="com.example.CartTest" time="0.027">
    <system-out><![CDATA[Expected Cart Size: 1, Actual Cart Size: 1
Expected Item Name: Example Item, Actual Item Name: Example Item
Expected Item Price: 49.99, Actual Item Price: 49.99
Test passed: Cart functionality works as expected.
]]></system-out>
  </testcase>
</testsuite>